-------------------------------------------------------------------------------
Test set: com.mycompany.loginproject.LoginProjectTest
-------------------------------------------------------------------------------
Tests run: 1, Failures: 1, Errors: 0, Skipped: 0, Time elapsed: 0.088 s <<< FAILURE! -- in com.mycompany.loginproject.LoginProjectTest
com.mycompany.loginproject.LoginProjectTest.testSomeMethod -- Time elapsed: 0.035 s <<< FAILURE!
org.opentest4j.AssertionFailedError: The test case is a prototype.
	at org.junit.jupiter.api.AssertionUtils.fail(AssertionUtils.java:38)
	at org.junit.jupiter.api.Assertions.fail(Assertions.java:138)
	at com.mycompany.loginproject.LoginProjectTest.testSomeMethod(LoginProjectTest.java:42)
	at java.base/java.lang.reflect.Method.invoke(Method.java:565)
	at java.base/java.util.ArrayList.forEach(ArrayList.java:1604)
	at java.base/java.util.ArrayList.forEach(ArrayList.java:1604)

